[debug] [2021-08-11T07:19:49.854Z] ----------------------------------------------------------------------
[debug] [2021-08-11T07:19:49.856Z] Command:       /usr/local/bin/node /usr/local/bin/firebase emulators:start --only functions
[debug] [2021-08-11T07:19:49.856Z] CLI Version:   9.16.0
[debug] [2021-08-11T07:19:49.856Z] Platform:      linux
[debug] [2021-08-11T07:19:49.856Z] Node Version:  v14.16.0
[debug] [2021-08-11T07:19:49.857Z] Time:          Wed Aug 11 2021 09:19:49 GMT+0200 (Central Africa Time)
[debug] [2021-08-11T07:19:49.857Z] ----------------------------------------------------------------------
[debug] 
[debug] [2021-08-11T07:19:49.903Z] Object ".functions" in "firebase.json" has unknown property: {"additionalProperty":"port"}
[debug] [2021-08-11T07:19:49.906Z] > command requires scopes: ["email","openid","https://www.googleapis.com/auth/cloudplatformprojects.readonly","https://www.googleapis.com/auth/firebase","https://www.googleapis.com/auth/cloud-platform"]
[debug] [2021-08-11T07:19:49.906Z] > authorizing via signed-in user (afani.dev@gmail.com)
[info] i  emulators: Starting emulators: functions {"metadata":{"emulator":{"name":"hub"},"message":"Starting emulators: functions"}}
[debug] [2021-08-11T07:19:49.931Z] [hub] writing locator at /tmp/hub-pc-api-6428177944420861021-845.json
[warn] ⚠  functions: The following emulators are not running, calls to these services from the Functions emulator will affect production: auth, firestore, database, hosting, pubsub, storage {"metadata":{"emulator":{"name":"functions"},"message":"The following emulators are not running, calls to these services from the Functions emulator will affect production: \u001b[1mauth, firestore, database, hosting, pubsub, storage\u001b[22m"}}
[info] ✔  functions: Using node@14 from host. {"metadata":{"emulator":{"name":"functions"},"message":"Using node@14 from host."}}
[debug] [2021-08-11T07:19:49.970Z] defaultcredentials: writing to file /home/afani/.config/firebase/afani_dev_gmail.com_application_default_credentials.json
[debug] [2021-08-11T07:19:49.972Z] Setting GAC to /home/afani/.config/firebase/afani_dev_gmail.com_application_default_credentials.json {"metadata":{"emulator":{"name":"functions"},"message":"Setting GAC to /home/afani/.config/firebase/afani_dev_gmail.com_application_default_credentials.json"}}
[debug] [2021-08-11T07:19:49.974Z] >>> [apiv2][query] GET https://firebase.googleapis.com/v1beta1/projects/pc-api-6428177944420861021-845/adminSdkConfig [none]
[debug] [2021-08-11T07:19:51.409Z] <<< [apiv2][status] GET https://firebase.googleapis.com/v1beta1/projects/pc-api-6428177944420861021-845/adminSdkConfig 200
[debug] [2021-08-11T07:19:51.409Z] <<< [apiv2][body] GET https://firebase.googleapis.com/v1beta1/projects/pc-api-6428177944420861021-845/adminSdkConfig {"projectId":"pc-api-6428177944420861021-845","storageBucket":"pc-api-6428177944420861021-845.appspot.com","locationId":"europe-west"}
[warn] ⚠  ui: Emulator UI unable to start on port 4000, starting on 4001 instead. {"metadata":{"emulator":{"name":"ui"},"message":"Emulator UI unable to start on port 4000, starting on 4001 instead."}}
[debug] [2021-08-11T07:19:51.428Z] Ignoring unsupported arg: auto_download {"metadata":{"emulator":{"name":"ui"},"message":"Ignoring unsupported arg: auto_download"}}
[debug] [2021-08-11T07:19:51.429Z] Ignoring unsupported arg: port {"metadata":{"emulator":{"name":"ui"},"message":"Ignoring unsupported arg: port"}}
[debug] [2021-08-11T07:19:51.429Z] Starting Emulator UI with command {"binary":"node","args":["/home/afani/.cache/firebase/emulators/ui-v1.6.0/server.bundle.js"],"optionalArgs":[],"joinArgs":false} {"metadata":{"emulator":{"name":"ui"},"message":"Starting Emulator UI with command {\"binary\":\"node\",\"args\":[\"/home/afani/.cache/firebase/emulators/ui-v1.6.0/server.bundle.js\"],\"optionalArgs\":[],\"joinArgs\":false}"}}
[info] i  ui: Emulator UI logging to ui-debug.log {"metadata":{"emulator":{"name":"ui"},"message":"Emulator UI logging to \u001b[1mui-debug.log\u001b[22m"}}
[debug] [2021-08-11T07:19:51.517Z] Web / API server started at localhost:4001
 {"metadata":{"emulator":{"name":"ui"},"message":"Web / API server started at localhost:4001\n"}}
[info] i  functions: Watching "/home/afani/rumba_restaurants_api/functions" for Cloud Functions... {"metadata":{"emulator":{"name":"functions"},"message":"Watching \"/home/afani/rumba_restaurants_api/functions\" for Cloud Functions..."}}
[debug] [2021-08-11T07:19:51.729Z] [worker-pool] addWorker(~diagnostic~) {"metadata":{"emulator":{"name":"functions"},"message":"[worker-pool] addWorker(~diagnostic~)"}}
[debug] [2021-08-11T07:19:51.730Z] [worker-pool] Adding worker with key ~diagnostic~, total=1 {"metadata":{"emulator":{"name":"functions"},"message":"[worker-pool] Adding worker with key ~diagnostic~, total=1"}}
[debug] [2021-08-11T07:19:51.730Z] [worker-pool] submitWork(triggerId=) {"metadata":{"emulator":{"name":"functions"},"message":"[worker-pool] submitWork(triggerId=)"}}
[debug] [2021-08-11T07:19:51.731Z] [worker-~diagnostic~-b563f233-5ebf-4f05-bf16-2cc4909a1666]: Assigning socketPath: /tmp/fire_emu_28106.sock {"metadata":{"emulator":{"name":"functions"},"message":"[worker-~diagnostic~-b563f233-5ebf-4f05-bf16-2cc4909a1666]: Assigning socketPath: /tmp/fire_emu_28106.sock"}}
[debug] [2021-08-11T07:19:51.731Z] [worker-~diagnostic~-b563f233-5ebf-4f05-bf16-2cc4909a1666]: BUSY {"metadata":{"emulator":{"name":"functions"},"message":"[worker-~diagnostic~-b563f233-5ebf-4f05-bf16-2cc4909a1666]: BUSY"}}
[debug] [2021-08-11T07:19:51.842Z] [runtime-status] [28106] Functions runtime initialized. {"cwd":"/home/afani/rumba_restaurants_api/functions","node_version":"14.16.0"} {"metadata":{"emulator":{"name":"functions"},"message":"[runtime-status] [28106] Functions runtime initialized. {\"cwd\":\"/home/afani/rumba_restaurants_api/functions\",\"node_version\":\"14.16.0\"}"}}
[debug] [2021-08-11T07:19:51.844Z] [runtime-status] [28106] Disabled runtime features: undefined {"metadata":{"emulator":{"name":"functions"},"message":"[runtime-status] [28106] Disabled runtime features: undefined"}}
[debug] [2021-08-11T07:19:51.846Z] [runtime-status] [28106] Resolved module firebase-admin {"declared":true,"installed":true,"version":"9.11.0","resolution":"/home/afani/rumba_restaurants_api/functions/node_modules/firebase-admin/lib/index.js"} {"metadata":{"emulator":{"name":"functions"},"message":"[runtime-status] [28106] Resolved module firebase-admin {\"declared\":true,\"installed\":true,\"version\":\"9.11.0\",\"resolution\":\"/home/afani/rumba_restaurants_api/functions/node_modules/firebase-admin/lib/index.js\"}"}}
[debug] [2021-08-11T07:19:51.847Z] [runtime-status] [28106] Resolved module firebase-functions {"declared":true,"installed":true,"version":"3.14.1","resolution":"/home/afani/rumba_restaurants_api/functions/node_modules/firebase-functions/lib/index.js"} {"metadata":{"emulator":{"name":"functions"},"message":"[runtime-status] [28106] Resolved module firebase-functions {\"declared\":true,\"installed\":true,\"version\":\"3.14.1\",\"resolution\":\"/home/afani/rumba_restaurants_api/functions/node_modules/firebase-functions/lib/index.js\"}"}}
[debug] [2021-08-11T07:19:51.848Z] [runtime-status] [28106] Resolved module firebase-functions {"declared":true,"installed":true,"version":"3.14.1","resolution":"/home/afani/rumba_restaurants_api/functions/node_modules/firebase-functions/lib/index.js"} {"metadata":{"emulator":{"name":"functions"},"message":"[runtime-status] [28106] Resolved module firebase-functions {\"declared\":true,\"installed\":true,\"version\":\"3.14.1\",\"resolution\":\"/home/afani/rumba_restaurants_api/functions/node_modules/firebase-functions/lib/index.js\"}"}}
[debug] [2021-08-11T07:19:51.849Z] [runtime-status] [28106] Outgoing network have been stubbed. [{"name":"http","status":"mocked"},{"name":"http","status":"mocked"},{"name":"https","status":"mocked"},{"name":"https","status":"mocked"},{"name":"net","status":"mocked"}] {"metadata":{"emulator":{"name":"functions"},"message":"[runtime-status] [28106] Outgoing network have been stubbed. [{\"name\":\"http\",\"status\":\"mocked\"},{\"name\":\"http\",\"status\":\"mocked\"},{\"name\":\"https\",\"status\":\"mocked\"},{\"name\":\"https\",\"status\":\"mocked\"},{\"name\":\"net\",\"status\":\"mocked\"}]"}}
[debug] [2021-08-11T07:19:51.850Z] [runtime-status] [28106] Resolved module firebase-functions {"declared":true,"installed":true,"version":"3.14.1","resolution":"/home/afani/rumba_restaurants_api/functions/node_modules/firebase-functions/lib/index.js"} {"metadata":{"emulator":{"name":"functions"},"message":"[runtime-status] [28106] Resolved module firebase-functions {\"declared\":true,\"installed\":true,\"version\":\"3.14.1\",\"resolution\":\"/home/afani/rumba_restaurants_api/functions/node_modules/firebase-functions/lib/index.js\"}"}}
[debug] [2021-08-11T07:19:51.881Z] [runtime-status] [28106] Checked functions.config() {"config":{}} {"metadata":{"emulator":{"name":"functions"},"message":"[runtime-status] [28106] Checked functions.config() {\"config\":{}}"}}
[debug] [2021-08-11T07:19:51.881Z] [runtime-status] [28106] firebase-functions has been stubbed. {"functionsResolution":{"declared":true,"installed":true,"version":"3.14.1","resolution":"/home/afani/rumba_restaurants_api/functions/node_modules/firebase-functions/lib/index.js"}} {"metadata":{"emulator":{"name":"functions"},"message":"[runtime-status] [28106] firebase-functions has been stubbed. {\"functionsResolution\":{\"declared\":true,\"installed\":true,\"version\":\"3.14.1\",\"resolution\":\"/home/afani/rumba_restaurants_api/functions/node_modules/firebase-functions/lib/index.js\"}}"}}
[debug] [2021-08-11T07:19:51.882Z] [runtime-status] [28106] Resolved module firebase-functions {"declared":true,"installed":true,"version":"3.14.1","resolution":"/home/afani/rumba_restaurants_api/functions/node_modules/firebase-functions/lib/index.js"} {"metadata":{"emulator":{"name":"functions"},"message":"[runtime-status] [28106] Resolved module firebase-functions {\"declared\":true,\"installed\":true,\"version\":\"3.14.1\",\"resolution\":\"/home/afani/rumba_restaurants_api/functions/node_modules/firebase-functions/lib/index.js\"}"}}
[debug] [2021-08-11T07:19:51.882Z] [runtime-status] [28106] Resolved module firebase-admin {"declared":true,"installed":true,"version":"9.11.0","resolution":"/home/afani/rumba_restaurants_api/functions/node_modules/firebase-admin/lib/index.js"} {"metadata":{"emulator":{"name":"functions"},"message":"[runtime-status] [28106] Resolved module firebase-admin {\"declared\":true,\"installed\":true,\"version\":\"9.11.0\",\"resolution\":\"/home/afani/rumba_restaurants_api/functions/node_modules/firebase-admin/lib/index.js\"}"}}
[debug] [2021-08-11T07:19:51.883Z] [runtime-status] [28106] Resolved module firebase-functions {"declared":true,"installed":true,"version":"3.14.1","resolution":"/home/afani/rumba_restaurants_api/functions/node_modules/firebase-functions/lib/index.js"} {"metadata":{"emulator":{"name":"functions"},"message":"[runtime-status] [28106] Resolved module firebase-functions {\"declared\":true,\"installed\":true,\"version\":\"3.14.1\",\"resolution\":\"/home/afani/rumba_restaurants_api/functions/node_modules/firebase-functions/lib/index.js\"}"}}
[debug] [2021-08-11T07:19:51.883Z] [runtime-status] [28106] firebase-admin has been stubbed. {"adminResolution":{"declared":true,"installed":true,"version":"9.11.0","resolution":"/home/afani/rumba_restaurants_api/functions/node_modules/firebase-admin/lib/index.js"}} {"metadata":{"emulator":{"name":"functions"},"message":"[runtime-status] [28106] firebase-admin has been stubbed. {\"adminResolution\":{\"declared\":true,\"installed\":true,\"version\":\"9.11.0\",\"resolution\":\"/home/afani/rumba_restaurants_api/functions/node_modules/firebase-admin/lib/index.js\"}}"}}
[debug] [2021-08-11T07:19:51.930Z] [runtime-status] [28106] initializeApp(DEFAULT) {"storageBucket":"pc-api-6428177944420861021-845.appspot.com","projectId":"pc-api-6428177944420861021-845"} {"metadata":{"emulator":{"name":"functions"},"message":"[runtime-status] [28106] initializeApp(DEFAULT) {\"storageBucket\":\"pc-api-6428177944420861021-845.appspot.com\",\"projectId\":\"pc-api-6428177944420861021-845\"}"}}
[warn] ⚠  functions: The Cloud Firestore emulator is not running, so calls to Firestore will affect production. {"metadata":{"emulator":{"name":"functions"},"message":"The Cloud Firestore emulator is not running, so calls to Firestore will affect production."}}
[info] ✔  functions[us-central1-api]: http function initialized (http://localhost:5001/pc-api-6428177944420861021-845/us-central1/api). {"metadata":{"emulator":{"name":"functions"},"message":"\u001b[1mhttp\u001b[22m function initialized (http://localhost:5001/pc-api-6428177944420861021-845/us-central1/api)."}}
[info] 
┌─────────────────────────────────────────────────────────────┐
│ ✔  All emulators ready! It is now safe to connect your app. │
│ i  View Emulator UI at http://localhost:4001                │
└─────────────────────────────────────────────────────────────┘

┌───────────┬────────────────┬─────────────────────────────────┐
│ Emulator  │ Host:Port      │ View in Emulator UI             │
├───────────┼────────────────┼─────────────────────────────────┤
│ Functions │ localhost:5001 │ http://localhost:4001/functions │
└───────────┴────────────────┴─────────────────────────────────┘
  Emulator Hub running at localhost:4400
  Other reserved ports: 4500

Issues? Report them at https://github.com/firebase/firebase-tools/issues and attach the *-debug.log files.
 
[debug] [2021-08-11T07:19:52.078Z] [worker-~diagnostic~-b563f233-5ebf-4f05-bf16-2cc4909a1666]: IDLE {"metadata":{"emulator":{"name":"functions"},"message":"[worker-~diagnostic~-b563f233-5ebf-4f05-bf16-2cc4909a1666]: IDLE"}}
[debug] [2021-08-11T07:19:55.796Z] [work-queue] {"queueLength":1,"workRunningCount":0}
[debug] [2021-08-11T07:19:55.797Z] [work-queue] {"queueLength":0,"workRunningCount":1}
[debug] [2021-08-11T07:19:55.797Z] Accepted request POST /pc-api-6428177944420861021-845/us-central1/api/signup --> us-central1-api
[debug] [2021-08-11T07:19:55.810Z] [worker-pool] addWorker(us-central1-api) {"metadata":{"emulator":{"name":"functions"},"message":"[worker-pool] addWorker(us-central1-api)"}}
[debug] [2021-08-11T07:19:55.811Z] [worker-pool] Adding worker with key us-central1-api, total=1 {"metadata":{"emulator":{"name":"functions"},"message":"[worker-pool] Adding worker with key us-central1-api, total=1"}}
[debug] [2021-08-11T07:19:55.811Z] [worker-pool] submitWork(triggerId=us-central1-api) {"metadata":{"emulator":{"name":"functions"},"message":"[worker-pool] submitWork(triggerId=us-central1-api)"}}
[debug] [2021-08-11T07:19:55.811Z] [worker-us-central1-api-07c88d11-7ab1-4ad1-9269-7e160506067f]: Assigning socketPath: /tmp/fire_emu_28115.sock {"metadata":{"emulator":{"name":"functions"},"message":"[worker-us-central1-api-07c88d11-7ab1-4ad1-9269-7e160506067f]: Assigning socketPath: /tmp/fire_emu_28115.sock"}}
[debug] [2021-08-11T07:19:55.811Z] [worker-us-central1-api-07c88d11-7ab1-4ad1-9269-7e160506067f]: BUSY {"metadata":{"emulator":{"name":"functions"},"message":"[worker-us-central1-api-07c88d11-7ab1-4ad1-9269-7e160506067f]: BUSY"}}
[debug] [2021-08-11T07:19:55.964Z] [runtime-status] [28115] Functions runtime initialized. {"cwd":"/home/afani/rumba_restaurants_api/functions","node_version":"14.16.0"} {"metadata":{"emulator":{"name":"functions"},"function":{"name":"us-central1-api"},"message":"[runtime-status] [28115] Functions runtime initialized. {\"cwd\":\"/home/afani/rumba_restaurants_api/functions\",\"node_version\":\"14.16.0\"}"}}
[debug] [2021-08-11T07:19:55.966Z] [runtime-status] [28115] Disabled runtime features: undefined {"metadata":{"emulator":{"name":"functions"},"function":{"name":"us-central1-api"},"message":"[runtime-status] [28115] Disabled runtime features: undefined"}}
[debug] [2021-08-11T07:19:55.969Z] [runtime-status] [28115] Resolved module firebase-admin {"declared":true,"installed":true,"version":"9.11.0","resolution":"/home/afani/rumba_restaurants_api/functions/node_modules/firebase-admin/lib/index.js"} {"metadata":{"emulator":{"name":"functions"},"function":{"name":"us-central1-api"},"message":"[runtime-status] [28115] Resolved module firebase-admin {\"declared\":true,\"installed\":true,\"version\":\"9.11.0\",\"resolution\":\"/home/afani/rumba_restaurants_api/functions/node_modules/firebase-admin/lib/index.js\"}"}}
[debug] [2021-08-11T07:19:55.971Z] [runtime-status] [28115] Resolved module firebase-functions {"declared":true,"installed":true,"version":"3.14.1","resolution":"/home/afani/rumba_restaurants_api/functions/node_modules/firebase-functions/lib/index.js"} {"metadata":{"emulator":{"name":"functions"},"function":{"name":"us-central1-api"},"message":"[runtime-status] [28115] Resolved module firebase-functions {\"declared\":true,\"installed\":true,\"version\":\"3.14.1\",\"resolution\":\"/home/afani/rumba_restaurants_api/functions/node_modules/firebase-functions/lib/index.js\"}"}}
[debug] [2021-08-11T07:19:55.973Z] [runtime-status] [28115] Resolved module firebase-functions {"declared":true,"installed":true,"version":"3.14.1","resolution":"/home/afani/rumba_restaurants_api/functions/node_modules/firebase-functions/lib/index.js"} {"metadata":{"emulator":{"name":"functions"},"function":{"name":"us-central1-api"},"message":"[runtime-status] [28115] Resolved module firebase-functions {\"declared\":true,\"installed\":true,\"version\":\"3.14.1\",\"resolution\":\"/home/afani/rumba_restaurants_api/functions/node_modules/firebase-functions/lib/index.js\"}"}}
[debug] [2021-08-11T07:19:55.975Z] [runtime-status] [28115] Outgoing network have been stubbed. [{"name":"http","status":"mocked"},{"name":"http","status":"mocked"},{"name":"https","status":"mocked"},{"name":"https","status":"mocked"},{"name":"net","status":"mocked"}] {"metadata":{"emulator":{"name":"functions"},"function":{"name":"us-central1-api"},"message":"[runtime-status] [28115] Outgoing network have been stubbed. [{\"name\":\"http\",\"status\":\"mocked\"},{\"name\":\"http\",\"status\":\"mocked\"},{\"name\":\"https\",\"status\":\"mocked\"},{\"name\":\"https\",\"status\":\"mocked\"},{\"name\":\"net\",\"status\":\"mocked\"}]"}}
[debug] [2021-08-11T07:19:55.976Z] [runtime-status] [28115] Resolved module firebase-functions {"declared":true,"installed":true,"version":"3.14.1","resolution":"/home/afani/rumba_restaurants_api/functions/node_modules/firebase-functions/lib/index.js"} {"metadata":{"emulator":{"name":"functions"},"function":{"name":"us-central1-api"},"message":"[runtime-status] [28115] Resolved module firebase-functions {\"declared\":true,\"installed\":true,\"version\":\"3.14.1\",\"resolution\":\"/home/afani/rumba_restaurants_api/functions/node_modules/firebase-functions/lib/index.js\"}"}}
[debug] [2021-08-11T07:19:56.014Z] [runtime-status] [28115] Checked functions.config() {"config":{}} {"metadata":{"emulator":{"name":"functions"},"function":{"name":"us-central1-api"},"message":"[runtime-status] [28115] Checked functions.config() {\"config\":{}}"}}
[debug] [2021-08-11T07:19:56.015Z] [runtime-status] [28115] firebase-functions has been stubbed. {"functionsResolution":{"declared":true,"installed":true,"version":"3.14.1","resolution":"/home/afani/rumba_restaurants_api/functions/node_modules/firebase-functions/lib/index.js"}} {"metadata":{"emulator":{"name":"functions"},"function":{"name":"us-central1-api"},"message":"[runtime-status] [28115] firebase-functions has been stubbed. {\"functionsResolution\":{\"declared\":true,\"installed\":true,\"version\":\"3.14.1\",\"resolution\":\"/home/afani/rumba_restaurants_api/functions/node_modules/firebase-functions/lib/index.js\"}}"}}
[debug] [2021-08-11T07:19:56.015Z] [runtime-status] [28115] Resolved module firebase-functions {"declared":true,"installed":true,"version":"3.14.1","resolution":"/home/afani/rumba_restaurants_api/functions/node_modules/firebase-functions/lib/index.js"} {"metadata":{"emulator":{"name":"functions"},"function":{"name":"us-central1-api"},"message":"[runtime-status] [28115] Resolved module firebase-functions {\"declared\":true,\"installed\":true,\"version\":\"3.14.1\",\"resolution\":\"/home/afani/rumba_restaurants_api/functions/node_modules/firebase-functions/lib/index.js\"}"}}
[debug] [2021-08-11T07:19:56.016Z] [runtime-status] [28115] Resolved module firebase-admin {"declared":true,"installed":true,"version":"9.11.0","resolution":"/home/afani/rumba_restaurants_api/functions/node_modules/firebase-admin/lib/index.js"} {"metadata":{"emulator":{"name":"functions"},"function":{"name":"us-central1-api"},"message":"[runtime-status] [28115] Resolved module firebase-admin {\"declared\":true,\"installed\":true,\"version\":\"9.11.0\",\"resolution\":\"/home/afani/rumba_restaurants_api/functions/node_modules/firebase-admin/lib/index.js\"}"}}
[debug] [2021-08-11T07:19:56.017Z] [runtime-status] [28115] Resolved module firebase-functions {"declared":true,"installed":true,"version":"3.14.1","resolution":"/home/afani/rumba_restaurants_api/functions/node_modules/firebase-functions/lib/index.js"} {"metadata":{"emulator":{"name":"functions"},"function":{"name":"us-central1-api"},"message":"[runtime-status] [28115] Resolved module firebase-functions {\"declared\":true,\"installed\":true,\"version\":\"3.14.1\",\"resolution\":\"/home/afani/rumba_restaurants_api/functions/node_modules/firebase-functions/lib/index.js\"}"}}
[debug] [2021-08-11T07:19:56.017Z] [runtime-status] [28115] firebase-admin has been stubbed. {"adminResolution":{"declared":true,"installed":true,"version":"9.11.0","resolution":"/home/afani/rumba_restaurants_api/functions/node_modules/firebase-admin/lib/index.js"}} {"metadata":{"emulator":{"name":"functions"},"function":{"name":"us-central1-api"},"message":"[runtime-status] [28115] firebase-admin has been stubbed. {\"adminResolution\":{\"declared\":true,\"installed\":true,\"version\":\"9.11.0\",\"resolution\":\"/home/afani/rumba_restaurants_api/functions/node_modules/firebase-admin/lib/index.js\"}}"}}
[debug] [2021-08-11T07:19:56.076Z] [runtime-status] [28115] initializeApp(DEFAULT) {"storageBucket":"pc-api-6428177944420861021-845.appspot.com","projectId":"pc-api-6428177944420861021-845"} {"metadata":{"emulator":{"name":"functions"},"function":{"name":"us-central1-api"},"message":"[runtime-status] [28115] initializeApp(DEFAULT) {\"storageBucket\":\"pc-api-6428177944420861021-845.appspot.com\",\"projectId\":\"pc-api-6428177944420861021-845\"}"}}
[debug] [2021-08-11T07:19:56.251Z] [runtime-status] [28115] Trigger "us-central1-api" has been found, beginning invocation! {"metadata":{"emulator":{"name":"functions"},"function":{"name":"us-central1-api"},"message":"[runtime-status] [28115] Trigger \"us-central1-api\" has been found, beginning invocation!"}}
[info] i  functions: Beginning execution of "us-central1-api" {"metadata":{"emulator":{"name":"functions"},"function":{"name":"us-central1-api"},"message":"Beginning execution of \"us-central1-api\""}}
[debug] [2021-08-11T07:19:56.252Z] [runtime-status] [28115] triggerDefinition {"httpsTrigger":{},"name":"api","entryPoint":"api","regions":["us-central1"],"region":"us-central1","id":"us-central1-api"} {"metadata":{"emulator":{"name":"functions"},"function":{"name":"us-central1-api"},"message":"[runtime-status] [28115] triggerDefinition {\"httpsTrigger\":{},\"name\":\"api\",\"entryPoint\":\"api\",\"regions\":[\"us-central1\"],\"region\":\"us-central1\",\"id\":\"us-central1-api\"}"}}
[debug] [2021-08-11T07:19:56.253Z] [runtime-status] [28115] Running us-central1-api in mode HTTPS {"metadata":{"emulator":{"name":"functions"},"function":{"name":"us-central1-api"},"message":"[runtime-status] [28115] Running us-central1-api in mode HTTPS"}}
[debug] [2021-08-11T07:19:56.257Z] [runtime-status] [28115] Attempting to listen to socketPath: /tmp/fire_emu_28115.sock {"metadata":{"emulator":{"name":"functions"},"function":{"name":"us-central1-api"},"message":"[runtime-status] [28115] Attempting to listen to socketPath: /tmp/fire_emu_28115.sock"}}
[debug] [2021-08-11T07:19:56.259Z] [functions] Runtime ready! Sending request! {"metadata":{"emulator":{"name":"functions"},"message":"[functions] Runtime ready! Sending request!"}}
[debug] [2021-08-11T07:19:56.261Z] [functions] Got req.url=/pc-api-6428177944420861021-845/us-central1/api/signup, mapping to path=/signup {"metadata":{"emulator":{"name":"functions"},"message":"[functions] Got req.url=/pc-api-6428177944420861021-845/us-central1/api/signup, mapping to path=/signup"}}
[debug] [2021-08-11T07:19:56.282Z] [runtime-status] [28115] Ephemeral server handling POST request {"metadata":{"emulator":{"name":"functions"},"function":{"name":"us-central1-api"},"message":"[runtime-status] [28115] Ephemeral server handling POST request"}}
[debug] [2021-08-11T07:19:56.288Z] [runtime-status] [28115] Ephemeral server survived. {"metadata":{"emulator":{"name":"functions"},"function":{"name":"us-central1-api"},"message":"[runtime-status] [28115] Ephemeral server survived."}}
[warn] ⚠  Google API requested!
   - URL: "https://oauth2.googleapis.com/token"
   - Be careful, this may be a production service. {"metadata":{"emulator":{"name":"functions"},"function":{"name":"us-central1-api"},"message":"Google API requested!\n   - URL: \"https://oauth2.googleapis.com/token\"\n   - Be careful, this may be a production service."}}
[info] >  [t [Error]: The email address is already in use by another account.] { {"user":"[t [Error]: The email address is already in use by another account.] {","metadata":{"emulator":{"name":"functions"},"function":{"name":"us-central1-api"},"message":"\u001b[90m> \u001b[39m [t [Error]: The email address is already in use by another account.] {"}}
[info] >    code: 'auth/email-already-in-use', {"user":"  code: 'auth/email-already-in-use',","metadata":{"emulator":{"name":"functions"},"function":{"name":"us-central1-api"},"message":"\u001b[90m> \u001b[39m   code: 'auth/email-already-in-use',"}}
[info] >    a: null {"user":"  a: null","metadata":{"emulator":{"name":"functions"},"function":{"name":"us-central1-api"},"message":"\u001b[90m> \u001b[39m   a: null"}}
[info] >  } {"user":"}","metadata":{"emulator":{"name":"functions"},"function":{"name":"us-central1-api"},"message":"\u001b[90m> \u001b[39m }"}}
[info] i  functions: Finished "us-central1-api" in ~5s {"metadata":{"emulator":{"name":"functions"},"function":{"name":"us-central1-api"},"message":"Finished \"us-central1-api\" in ~5s"}}
[debug] [2021-08-11T07:20:01.297Z] [worker-us-central1-api-07c88d11-7ab1-4ad1-9269-7e160506067f]: IDLE {"metadata":{"emulator":{"name":"functions"},"message":"[worker-us-central1-api-07c88d11-7ab1-4ad1-9269-7e160506067f]: IDLE"}}
[debug] [2021-08-11T07:20:01.299Z] [work-queue] {"queueLength":0,"workRunningCount":0}
[debug] [2021-08-11T07:21:16.162Z] [work-queue] {"queueLength":1,"workRunningCount":0}
[debug] [2021-08-11T07:21:16.162Z] [work-queue] {"queueLength":0,"workRunningCount":1}
[debug] [2021-08-11T07:21:16.162Z] Accepted request POST /pc-api-6428177944420861021-845/us-central1/api/signup --> us-central1-api
[debug] [2021-08-11T07:21:16.163Z] [worker-pool] submitWork(triggerId=us-central1-api) {"metadata":{"emulator":{"name":"functions"},"message":"[worker-pool] submitWork(triggerId=us-central1-api)"}}
[debug] [2021-08-11T07:21:16.163Z] [worker-us-central1-api-07c88d11-7ab1-4ad1-9269-7e160506067f]: Assigning socketPath: /tmp/fire_emu_28115.sock {"metadata":{"emulator":{"name":"functions"},"message":"[worker-us-central1-api-07c88d11-7ab1-4ad1-9269-7e160506067f]: Assigning socketPath: /tmp/fire_emu_28115.sock"}}
[debug] [2021-08-11T07:21:16.163Z] [worker-us-central1-api-07c88d11-7ab1-4ad1-9269-7e160506067f]: BUSY {"metadata":{"emulator":{"name":"functions"},"message":"[worker-us-central1-api-07c88d11-7ab1-4ad1-9269-7e160506067f]: BUSY"}}
[debug] [2021-08-11T07:21:16.164Z] [runtime-status] [28115] Trigger "us-central1-api" has been found, beginning invocation! {"metadata":{"emulator":{"name":"functions"},"function":{"name":"us-central1-api"},"message":"[runtime-status] [28115] Trigger \"us-central1-api\" has been found, beginning invocation!"}}
[info] i  functions: Beginning execution of "us-central1-api" {"metadata":{"emulator":{"name":"functions"},"function":{"name":"us-central1-api"},"message":"Beginning execution of \"us-central1-api\""}}
[debug] [2021-08-11T07:21:16.165Z] [runtime-status] [28115] triggerDefinition {"httpsTrigger":{},"name":"api","entryPoint":"api","regions":["us-central1"],"region":"us-central1","id":"us-central1-api"} {"metadata":{"emulator":{"name":"functions"},"function":{"name":"us-central1-api"},"message":"[runtime-status] [28115] triggerDefinition {\"httpsTrigger\":{},\"name\":\"api\",\"entryPoint\":\"api\",\"regions\":[\"us-central1\"],\"region\":\"us-central1\",\"id\":\"us-central1-api\"}"}}
[debug] [2021-08-11T07:21:16.165Z] [runtime-status] [28115] Running us-central1-api in mode HTTPS {"metadata":{"emulator":{"name":"functions"},"function":{"name":"us-central1-api"},"message":"[runtime-status] [28115] Running us-central1-api in mode HTTPS"}}
[debug] [2021-08-11T07:21:16.165Z] [runtime-status] [28115] Attempting to listen to socketPath: /tmp/fire_emu_28115.sock {"metadata":{"emulator":{"name":"functions"},"function":{"name":"us-central1-api"},"message":"[runtime-status] [28115] Attempting to listen to socketPath: /tmp/fire_emu_28115.sock"}}
[debug] [2021-08-11T07:21:16.167Z] [functions] Runtime ready! Sending request! {"metadata":{"emulator":{"name":"functions"},"message":"[functions] Runtime ready! Sending request!"}}
[debug] [2021-08-11T07:21:16.167Z] [functions] Got req.url=/pc-api-6428177944420861021-845/us-central1/api/signup, mapping to path=/signup {"metadata":{"emulator":{"name":"functions"},"message":"[functions] Got req.url=/pc-api-6428177944420861021-845/us-central1/api/signup, mapping to path=/signup"}}
[debug] [2021-08-11T07:21:16.171Z] [runtime-status] [28115] Ephemeral server handling POST request {"metadata":{"emulator":{"name":"functions"},"function":{"name":"us-central1-api"},"message":"[runtime-status] [28115] Ephemeral server handling POST request"}}
[debug] [2021-08-11T07:21:16.172Z] [runtime-status] [28115] Ephemeral server survived. {"metadata":{"emulator":{"name":"functions"},"function":{"name":"us-central1-api"},"message":"[runtime-status] [28115] Ephemeral server survived."}}
[info] i  functions: Finished "us-central1-api" in ~3s {"metadata":{"emulator":{"name":"functions"},"function":{"name":"us-central1-api"},"message":"Finished \"us-central1-api\" in ~3s"}}
[debug] [2021-08-11T07:21:19.871Z] [worker-us-central1-api-07c88d11-7ab1-4ad1-9269-7e160506067f]: IDLE {"metadata":{"emulator":{"name":"functions"},"message":"[worker-us-central1-api-07c88d11-7ab1-4ad1-9269-7e160506067f]: IDLE"}}
[debug] [2021-08-11T07:21:19.872Z] [work-queue] {"queueLength":0,"workRunningCount":0}
[debug] [2021-08-11T07:21:55.205Z] [work-queue] {"queueLength":1,"workRunningCount":0}
[debug] [2021-08-11T07:21:55.206Z] [work-queue] {"queueLength":0,"workRunningCount":1}
[debug] [2021-08-11T07:21:55.206Z] Accepted request POST /pc-api-6428177944420861021-845/us-central1/api/signup --> us-central1-api
[debug] [2021-08-11T07:21:55.206Z] [worker-pool] submitWork(triggerId=us-central1-api) {"metadata":{"emulator":{"name":"functions"},"message":"[worker-pool] submitWork(triggerId=us-central1-api)"}}
[debug] [2021-08-11T07:21:55.206Z] [worker-us-central1-api-07c88d11-7ab1-4ad1-9269-7e160506067f]: Assigning socketPath: /tmp/fire_emu_28115.sock {"metadata":{"emulator":{"name":"functions"},"message":"[worker-us-central1-api-07c88d11-7ab1-4ad1-9269-7e160506067f]: Assigning socketPath: /tmp/fire_emu_28115.sock"}}
[debug] [2021-08-11T07:21:55.206Z] [worker-us-central1-api-07c88d11-7ab1-4ad1-9269-7e160506067f]: BUSY {"metadata":{"emulator":{"name":"functions"},"message":"[worker-us-central1-api-07c88d11-7ab1-4ad1-9269-7e160506067f]: BUSY"}}
[debug] [2021-08-11T07:21:55.207Z] [runtime-status] [28115] Trigger "us-central1-api" has been found, beginning invocation! {"metadata":{"emulator":{"name":"functions"},"function":{"name":"us-central1-api"},"message":"[runtime-status] [28115] Trigger \"us-central1-api\" has been found, beginning invocation!"}}
[info] i  functions: Beginning execution of "us-central1-api" {"metadata":{"emulator":{"name":"functions"},"function":{"name":"us-central1-api"},"message":"Beginning execution of \"us-central1-api\""}}
[debug] [2021-08-11T07:21:55.207Z] [runtime-status] [28115] triggerDefinition {"httpsTrigger":{},"name":"api","entryPoint":"api","regions":["us-central1"],"region":"us-central1","id":"us-central1-api"} {"metadata":{"emulator":{"name":"functions"},"function":{"name":"us-central1-api"},"message":"[runtime-status] [28115] triggerDefinition {\"httpsTrigger\":{},\"name\":\"api\",\"entryPoint\":\"api\",\"regions\":[\"us-central1\"],\"region\":\"us-central1\",\"id\":\"us-central1-api\"}"}}
[debug] [2021-08-11T07:21:55.208Z] [runtime-status] [28115] Running us-central1-api in mode HTTPS {"metadata":{"emulator":{"name":"functions"},"function":{"name":"us-central1-api"},"message":"[runtime-status] [28115] Running us-central1-api in mode HTTPS"}}
[debug] [2021-08-11T07:21:55.208Z] [runtime-status] [28115] Attempting to listen to socketPath: /tmp/fire_emu_28115.sock {"metadata":{"emulator":{"name":"functions"},"function":{"name":"us-central1-api"},"message":"[runtime-status] [28115] Attempting to listen to socketPath: /tmp/fire_emu_28115.sock"}}
[debug] [2021-08-11T07:21:55.208Z] [functions] Runtime ready! Sending request! {"metadata":{"emulator":{"name":"functions"},"message":"[functions] Runtime ready! Sending request!"}}
[debug] [2021-08-11T07:21:55.209Z] [functions] Got req.url=/pc-api-6428177944420861021-845/us-central1/api/signup, mapping to path=/signup {"metadata":{"emulator":{"name":"functions"},"message":"[functions] Got req.url=/pc-api-6428177944420861021-845/us-central1/api/signup, mapping to path=/signup"}}
[debug] [2021-08-11T07:21:55.218Z] [runtime-status] [28115] Ephemeral server handling POST request {"metadata":{"emulator":{"name":"functions"},"function":{"name":"us-central1-api"},"message":"[runtime-status] [28115] Ephemeral server handling POST request"}}
[debug] [2021-08-11T07:21:55.219Z] [runtime-status] [28115] Ephemeral server survived. {"metadata":{"emulator":{"name":"functions"},"function":{"name":"us-central1-api"},"message":"[runtime-status] [28115] Ephemeral server survived."}}
[info] >  TypeError: Cannot read property 'uid' of undefined {"user":"TypeError: Cannot read property 'uid' of undefined","metadata":{"emulator":{"name":"functions"},"function":{"name":"us-central1-api"},"message":"\u001b[90m> \u001b[39m TypeError: Cannot read property 'uid' of undefined"}}
[info] >      at /home/afani/rumba_restaurants_api/functions/api/users.js:65:26 {"user":"    at /home/afani/rumba_restaurants_api/functions/api/users.js:65:26","metadata":{"emulator":{"name":"functions"},"function":{"name":"us-central1-api"},"message":"\u001b[90m> \u001b[39m     at /home/afani/rumba_restaurants_api/functions/api/users.js:65:26"}}
[info] >      at processTicksAndRejections (internal/process/task_queues.js:93:5) {"user":"    at processTicksAndRejections (internal/process/task_queues.js:93:5)","metadata":{"emulator":{"name":"functions"},"function":{"name":"us-central1-api"},"message":"\u001b[90m> \u001b[39m     at processTicksAndRejections (internal/process/task_queues.js:93:5)"}}
[info] >  (node:28115) UnhandledPromiseRejectionWarning: Error [ERR_HTTP_HEADERS_SENT]: Cannot set headers after they are sent to the client {"user":"(node:28115) UnhandledPromiseRejectionWarning: Error [ERR_HTTP_HEADERS_SENT]: Cannot set headers after they are sent to the client","metadata":{"emulator":{"name":"functions"},"function":{"name":"us-central1-api"},"message":"\u001b[90m> \u001b[39m (node:28115) UnhandledPromiseRejectionWarning: Error [ERR_HTTP_HEADERS_SENT]: Cannot set headers after they are sent to the client"}}
[info] >      at ServerResponse.setHeader (_http_outgoing.js:558:11) {"user":"    at ServerResponse.setHeader (_http_outgoing.js:558:11)","metadata":{"emulator":{"name":"functions"},"function":{"name":"us-central1-api"},"message":"\u001b[90m> \u001b[39m     at ServerResponse.setHeader (_http_outgoing.js:558:11)"}}
[info] >      at ServerResponse.header (/home/afani/rumba_restaurants_api/functions/node_modules/express/lib/response.js:771:10) {"user":"    at ServerResponse.header (/home/afani/rumba_restaurants_api/functions/node_modules/express/lib/response.js:771:10)","metadata":{"emulator":{"name":"functions"},"function":{"name":"us-central1-api"},"message":"\u001b[90m> \u001b[39m     at ServerResponse.header (/home/afani/rumba_restaurants_api/functions/node_modules/express/lib/response.js:771:10)"}}
[info] >      at ServerResponse.send (/home/afani/rumba_restaurants_api/functions/node_modules/express/lib/response.js:170:12) {"user":"    at ServerResponse.send (/home/afani/rumba_restaurants_api/functions/node_modules/express/lib/response.js:170:12)","metadata":{"emulator":{"name":"functions"},"function":{"name":"us-central1-api"},"message":"\u001b[90m> \u001b[39m     at ServerResponse.send (/home/afani/rumba_restaurants_api/functions/node_modules/express/lib/response.js:170:12)"}}
[info] >      at ServerResponse.json (/home/afani/rumba_restaurants_api/functions/node_modules/express/lib/response.js:267:15) {"user":"    at ServerResponse.json (/home/afani/rumba_restaurants_api/functions/node_modules/express/lib/response.js:267:15)","metadata":{"emulator":{"name":"functions"},"function":{"name":"us-central1-api"},"message":"\u001b[90m> \u001b[39m     at ServerResponse.json (/home/afani/rumba_restaurants_api/functions/node_modules/express/lib/response.js:267:15)"}}
[info] >      at /home/afani/rumba_restaurants_api/functions/api/users.js:93:12 {"user":"    at /home/afani/rumba_restaurants_api/functions/api/users.js:93:12","metadata":{"emulator":{"name":"functions"},"function":{"name":"us-central1-api"},"message":"\u001b[90m> \u001b[39m     at /home/afani/rumba_restaurants_api/functions/api/users.js:93:12"}}
[info] >      at processTicksAndRejections (internal/process/task_queues.js:93:5) {"user":"    at processTicksAndRejections (internal/process/task_queues.js:93:5)","metadata":{"emulator":{"name":"functions"},"function":{"name":"us-central1-api"},"message":"\u001b[90m> \u001b[39m     at processTicksAndRejections (internal/process/task_queues.js:93:5)"}}
[info] >  (Use `node --trace-warnings ...` to show where the warning was created) {"user":"(Use `node --trace-warnings ...` to show where the warning was created)","metadata":{"emulator":{"name":"functions"},"function":{"name":"us-central1-api"},"message":"\u001b[90m> \u001b[39m (Use `node --trace-warnings ...` to show where the warning was created)"}}
[info] >  (node:28115) UnhandledPromiseRejectionWarning: Unhandled promise rejection. This error originated either by throwing inside of an async function without a catch block, or by rejecting a promise which was not handled with .catch(). To terminate the node process on unhandled promise rejection, use the CLI flag `--unhandled-rejections=strict` (see https://nodejs.org/api/cli.html#cli_unhandled_rejections_mode). (rejection id: 1) {"user":"(node:28115) UnhandledPromiseRejectionWarning: Unhandled promise rejection. This error originated either by throwing inside of an async function without a catch block, or by rejecting a promise which was not handled with .catch(). To terminate the node process on unhandled promise rejection, use the CLI flag `--unhandled-rejections=strict` (see https://nodejs.org/api/cli.html#cli_unhandled_rejections_mode). (rejection id: 1)","metadata":{"emulator":{"name":"functions"},"function":{"name":"us-central1-api"},"message":"\u001b[90m> \u001b[39m (node:28115) UnhandledPromiseRejectionWarning: Unhandled promise rejection. This error originated either by throwing inside of an async function without a catch block, or by rejecting a promise which was not handled with .catch(). To terminate the node process on unhandled promise rejection, use the CLI flag `--unhandled-rejections=strict` (see https://nodejs.org/api/cli.html#cli_unhandled_rejections_mode). (rejection id: 1)"}}
[info] >  (node:28115) [DEP0018] DeprecationWarning: Unhandled promise rejections are deprecated. In the future, promise rejections that are not handled will terminate the Node.js process with a non-zero exit code. {"user":"(node:28115) [DEP0018] DeprecationWarning: Unhandled promise rejections are deprecated. In the future, promise rejections that are not handled will terminate the Node.js process with a non-zero exit code.","metadata":{"emulator":{"name":"functions"},"function":{"name":"us-central1-api"},"message":"\u001b[90m> \u001b[39m (node:28115) [DEP0018] DeprecationWarning: Unhandled promise rejections are deprecated. In the future, promise rejections that are not handled will terminate the Node.js process with a non-zero exit code."}}
[info] i  functions: Finished "us-central1-api" in ~1s {"metadata":{"emulator":{"name":"functions"},"function":{"name":"us-central1-api"},"message":"Finished \"us-central1-api\" in ~1s"}}
[debug] [2021-08-11T07:21:55.759Z] [worker-us-central1-api-07c88d11-7ab1-4ad1-9269-7e160506067f]: IDLE {"metadata":{"emulator":{"name":"functions"},"message":"[worker-us-central1-api-07c88d11-7ab1-4ad1-9269-7e160506067f]: IDLE"}}
[debug] [2021-08-11T07:21:55.762Z] [work-queue] {"queueLength":0,"workRunningCount":0}
